  BuySelect.cpp
  ExampleScene.cpp
  Result.cpp
  UIInput.cpp
  MatrixUtility.cpp
  PlayerNumScene.cpp
  GameScene.cpp
  Quaternion.cpp
  Fader.cpp
  SceneManager.cpp
  Camera.cpp
  InputManager.cpp
  AnimationController.cpp
C:\Users\2416071\Desktop\AGS_Sum\AGS_SUM\Src\Object\Common\AnimationController.cpp(14,6): warning C4101: 'eh': ローカル変数は 1 度も使われていません。
  Grid.cpp
  SceneBase.cpp
  AsoUtility.cpp
  Application.cpp
  main.cpp
  TitleScene.cpp
  Vector2.cpp
  コードを生成中...
  コンパイル中...
  StageManager.cpp
  Stage.cpp
  コードを生成中...
  AGS_Winter.vcxproj -> C:\Users\2416071\Desktop\AGS_Sum\AGS_SUM\x64\Debug\AGS_Sum.exe
